                                      1 ;--------------------------------------------------------
                                      2 ; File Created by SDCC : free open source ANSI-C Compiler
                                      3 ; Version 4.0.4 #11952 (MINGW64)
                                      4 ;--------------------------------------------------------
                                      5 	.module main
                                      6 	.optsdcc -mgbz80
                                      7 	
                                      8 ;--------------------------------------------------------
                                      9 ; Public variables in this module
                                     10 ;--------------------------------------------------------
                                     11 	.globl _main
                                     12 	.globl _set_sprite_data
                                     13 	.globl _sprite
                                     14 ;--------------------------------------------------------
                                     15 ; special function registers
                                     16 ;--------------------------------------------------------
                                     17 ;--------------------------------------------------------
                                     18 ; ram data
                                     19 ;--------------------------------------------------------
                                     20 	.area _DATA
      000000                         21 _sprite::
      000000                         22 	.ds 16
                                     23 ;--------------------------------------------------------
                                     24 ; absolute external ram data
                                     25 ;--------------------------------------------------------
                                     26 	.area _DABS (ABS)
                                     27 ;--------------------------------------------------------
                                     28 ; global & static initialisations
                                     29 ;--------------------------------------------------------
                                     30 	.area _HOME
                                     31 	.area _GSINIT
                                     32 	.area _GSFINAL
                                     33 	.area _GSINIT
                                     34 ;..\src\/sprite.c:19: unsigned char sprite[] =
      000000 21r00r00                35 	ld	hl, #_sprite
      000003 36 7E                   36 	ld	(hl), #0x7e
      000005 21r01r00                37 	ld	hl, #(_sprite + 0x0001)
      000008 36 7E                   38 	ld	(hl), #0x7e
      00000A 21r02r00                39 	ld	hl, #(_sprite + 0x0002)
      00000D 36 99                   40 	ld	(hl), #0x99
      00000F 21r03r00                41 	ld	hl, #(_sprite + 0x0003)
      000012 36 99                   42 	ld	(hl), #0x99
      000014 21r04r00                43 	ld	hl, #(_sprite + 0x0004)
      000017 36 81                   44 	ld	(hl), #0x81
      000019 21r05r00                45 	ld	hl, #(_sprite + 0x0005)
      00001C 36 81                   46 	ld	(hl), #0x81
      00001E 21r06r00                47 	ld	hl, #(_sprite + 0x0006)
      000021 36 A5                   48 	ld	(hl), #0xa5
      000023 21r07r00                49 	ld	hl, #(_sprite + 0x0007)
      000026 36 A5                   50 	ld	(hl), #0xa5
      000028 21r08r00                51 	ld	hl, #(_sprite + 0x0008)
      00002B 36 81                   52 	ld	(hl), #0x81
      00002D 21r09r00                53 	ld	hl, #(_sprite + 0x0009)
      000030 36 81                   54 	ld	(hl), #0x81
      000032 21r0Ar00                55 	ld	hl, #(_sprite + 0x000a)
      000035 36 DB                   56 	ld	(hl), #0xdb
      000037 21r0Br00                57 	ld	hl, #(_sprite + 0x000b)
      00003A 36 DB                   58 	ld	(hl), #0xdb
      00003C 21r0Cr00                59 	ld	hl, #(_sprite + 0x000c)
      00003F 36 C3                   60 	ld	(hl), #0xc3
      000041 21r0Dr00                61 	ld	hl, #(_sprite + 0x000d)
      000044 36 C3                   62 	ld	(hl), #0xc3
      000046 21r0Er00                63 	ld	hl, #(_sprite + 0x000e)
      000049 36 3C                   64 	ld	(hl), #0x3c
      00004B 21r0Fr00                65 	ld	hl, #(_sprite + 0x000f)
      00004E 36 3C                   66 	ld	(hl), #0x3c
                                     67 ;--------------------------------------------------------
                                     68 ; Home
                                     69 ;--------------------------------------------------------
                                     70 	.area _HOME
                                     71 	.area _HOME
                                     72 ;--------------------------------------------------------
                                     73 ; code
                                     74 ;--------------------------------------------------------
                                     75 	.area _CODE
                                     76 ;..\src\main.c:4: void main() {
                                     77 ;	---------------------------------
                                     78 ; Function main
                                     79 ; ---------------------------------
      000000                         80 _main::
                                     81 ;..\src\main.c:5: SPRITES_8x8;
      000000 F0r00                   82 	ldh	a, (_LCDC_REG+0)
      000002 E6 FB                   83 	and	a, #0xfb
      000004 E0r00                   84 	ldh	(_LCDC_REG+0),a
                                     85 ;..\src\main.c:6: set_sprite_data(0, 8, sprite);
      000006 21r00r00                86 	ld	hl, #_sprite
      000009 E5                      87 	push	hl
      00000A 3E 08                   88 	ld	a, #0x08
      00000C F5                      89 	push	af
      00000D 33                      90 	inc	sp
      00000E AF                      91 	xor	a, a
      00000F F5                      92 	push	af
      000010 33                      93 	inc	sp
      000011 CDr00r00                94 	call	_set_sprite_data
      000014 E8 04                   95 	add	sp, #4
                                     96 ;C:/Users/carlo/Desktop/Periodo 7/IHS/Projeto Snake-Corona/tools/gbdk/include/gb/gb.h:999: shadow_OAM[nb].tile=tile;
      000016 21r02r00                97 	ld	hl, #(_shadow_OAM + 0x0002)
      000019 36 00                   98 	ld	(hl), #0x00
                                     99 ;C:/Users/carlo/Desktop/Periodo 7/IHS/Projeto Snake-Corona/tools/gbdk/include/gb/gb.h:1072: OAM_item_t * itm = &shadow_OAM[nb];
      00001B 21r00r00               100 	ld	hl, #_shadow_OAM
                                    101 ;C:/Users/carlo/Desktop/Periodo 7/IHS/Projeto Snake-Corona/tools/gbdk/include/gb/gb.h:1073: itm->y=y, itm->x=x;
      00001E 3E 32                  102 	ld	a, #0x32
      000020 22                     103 	ld	(hl+), a
      000021 36 32                  104 	ld	(hl), #0x32
                                    105 ;..\src\main.c:9: SHOW_SPRITES;
      000023 F0r00                  106 	ldh	a, (_LCDC_REG+0)
      000025 F6 02                  107 	or	a, #0x02
      000027 E0r00                  108 	ldh	(_LCDC_REG+0),a
                                    109 ;..\src\main.c:10: }
      000029 C9                     110 	ret
                                    111 	.area _CODE
                                    112 	.area _CABS (ABS)
